[ 2017-05-03T22:57:58+08:00 ] 127.0.0.1 /index.php/Index/index/p/3.html
INFO: [ app_init ] --START--
INFO: Run Behavior\BuildLiteBehavior [ RunTime:0.000009s ]
INFO: [ app_init ] --END-- [ RunTime:0.000289s ]
NOTIC: [8] Use of undefined constant TMPL_PARSE_STRING - assumed 'TMPL_PARSE_STRING' D:\xampp\htdocs\Dcard_catch\Dcard\Trade\Conf\config.php 第 17 行.
INFO: [ app_begin ] --START--
INFO: Run Behavior\ReadHtmlCacheBehavior [ RunTime:0.000462s ]
INFO: [ app_begin ] --END-- [ RunTime:0.000489s ]
NOTIC: [2] Declaration of Trade\Controller\IndexController::show() should be compatible with Think\Controller::show($content, $charset = '', $contentType = '', $prefix = '') D:\xampp\htdocs\Dcard_catch\Dcard\Trade\Controller\IndexController.class.php 第 4 行.
SQL: SHOW COLUMNS FROM `classif` [ RunTime:0.0088s ]
SQL: SELECT * FROM `classif` WHERE ( status=1 )  [ RunTime:0.0004s ]
NOTIC: [8] Undefined index: title D:\xampp\htdocs\Dcard_catch\Dcard\Trade\Controller\IndexController.class.php 第 12 行.
NOTIC: [8] Undefined index: class D:\xampp\htdocs\Dcard_catch\Dcard\Trade\Controller\IndexController.class.php 第 15 行.
NOTIC: [8] Undefined index: hidd D:\xampp\htdocs\Dcard_catch\Dcard\Trade\Controller\IndexController.class.php 第 18 行.
SQL: SHOW COLUMNS FROM `article` [ RunTime:0.0050s ]
NOTIC: [8] Undefined variable: where D:\xampp\htdocs\Dcard_catch\Dcard\Trade\Controller\IndexController.class.php 第 23 行.
SQL: SELECT COUNT(*) AS tp_count FROM `article` WHERE ( status=1 ) LIMIT 1   [ RunTime:0.0003s ]
NOTIC: [8] Undefined variable: where D:\xampp\htdocs\Dcard_catch\Dcard\Trade\Controller\IndexController.class.php 第 29 行.
SQL: SELECT * FROM `article` WHERE ( status=1 ) ORDER BY alike DESC LIMIT 60,30   [ RunTime:0.0013s ]
INFO: [ view_parse ] --START--
INFO: [ template_filter ] --START--
INFO: Run Behavior\ContentReplaceBehavior [ RunTime:0.000042s ]
INFO: [ template_filter ] --END-- [ RunTime:0.000070s ]
NOTIC: [8] Use of undefined constant title - assumed 'title' D:\xampp\htdocs\Dcard_catch\Dcard\Runtime\Cache\Trade\0525c782be5d55afd63a61aa16d0abe5.php 第 16 行.
NOTIC: [8] Use of undefined constant title - assumed 'title' D:\xampp\htdocs\Dcard_catch\Dcard\Runtime\Cache\Trade\0525c782be5d55afd63a61aa16d0abe5.php 第 16 行.
NOTIC: [8] Use of undefined constant title - assumed 'title' D:\xampp\htdocs\Dcard_catch\Dcard\Runtime\Cache\Trade\0525c782be5d55afd63a61aa16d0abe5.php 第 16 行.
NOTIC: [8] Use of undefined constant title - assumed 'title' D:\xampp\htdocs\Dcard_catch\Dcard\Runtime\Cache\Trade\0525c782be5d55afd63a61aa16d0abe5.php 第 16 行.
NOTIC: [8] Use of undefined constant title - assumed 'title' D:\xampp\htdocs\Dcard_catch\Dcard\Runtime\Cache\Trade\0525c782be5d55afd63a61aa16d0abe5.php 第 16 行.
NOTIC: [8] Use of undefined constant title - assumed 'title' D:\xampp\htdocs\Dcard_catch\Dcard\Runtime\Cache\Trade\0525c782be5d55afd63a61aa16d0abe5.php 第 16 行.
NOTIC: [8] Use of undefined constant title - assumed 'title' D:\xampp\htdocs\Dcard_catch\Dcard\Runtime\Cache\Trade\0525c782be5d55afd63a61aa16d0abe5.php 第 16 行.
NOTIC: [8] Use of undefined constant title - assumed 'title' D:\xampp\htdocs\Dcard_catch\Dcard\Runtime\Cache\Trade\0525c782be5d55afd63a61aa16d0abe5.php 第 16 行.
NOTIC: [8] Use of undefined constant title - assumed 'title' D:\xampp\htdocs\Dcard_catch\Dcard\Runtime\Cache\Trade\0525c782be5d55afd63a61aa16d0abe5.php 第 16 行.
NOTIC: [8] Use of undefined constant title - assumed 'title' D:\xampp\htdocs\Dcard_catch\Dcard\Runtime\Cache\Trade\0525c782be5d55afd63a61aa16d0abe5.php 第 16 行.
NOTIC: [8] Use of undefined constant title - assumed 'title' D:\xampp\htdocs\Dcard_catch\Dcard\Runtime\Cache\Trade\0525c782be5d55afd63a61aa16d0abe5.php 第 16 行.
NOTIC: [8] Use of undefined constant title - assumed 'title' D:\xampp\htdocs\Dcard_catch\Dcard\Runtime\Cache\Trade\0525c782be5d55afd63a61aa16d0abe5.php 第 16 行.
NOTIC: [8] Use of undefined constant title - assumed 'title' D:\xampp\htdocs\Dcard_catch\Dcard\Runtime\Cache\Trade\0525c782be5d55afd63a61aa16d0abe5.php 第 16 行.
NOTIC: [8] Use of undefined constant title - assumed 'title' D:\xampp\htdocs\Dcard_catch\Dcard\Runtime\Cache\Trade\0525c782be5d55afd63a61aa16d0abe5.php 第 16 行.
NOTIC: [8] Use of undefined constant title - assumed 'title' D:\xampp\htdocs\Dcard_catch\Dcard\Runtime\Cache\Trade\0525c782be5d55afd63a61aa16d0abe5.php 第 16 行.
NOTIC: [8] Use of undefined constant title - assumed 'title' D:\xampp\htdocs\Dcard_catch\Dcard\Runtime\Cache\Trade\0525c782be5d55afd63a61aa16d0abe5.php 第 16 行.
NOTIC: [8] Use of undefined constant title - assumed 'title' D:\xampp\htdocs\Dcard_catch\Dcard\Runtime\Cache\Trade\0525c782be5d55afd63a61aa16d0abe5.php 第 16 行.
NOTIC: [8] Use of undefined constant title - assumed 'title' D:\xampp\htdocs\Dcard_catch\Dcard\Runtime\Cache\Trade\0525c782be5d55afd63a61aa16d0abe5.php 第 16 行.
NOTIC: [8] Use of undefined constant title - assumed 'title' D:\xampp\htdocs\Dcard_catch\Dcard\Runtime\Cache\Trade\0525c782be5d55afd63a61aa16d0abe5.php 第 16 行.
NOTIC: [8] Use of undefined constant title - assumed 'title' D:\xampp\htdocs\Dcard_catch\Dcard\Runtime\Cache\Trade\0525c782be5d55afd63a61aa16d0abe5.php 第 16 行.
NOTIC: [8] Use of undefined constant title - assumed 'title' D:\xampp\htdocs\Dcard_catch\Dcard\Runtime\Cache\Trade\0525c782be5d55afd63a61aa16d0abe5.php 第 16 行.
NOTIC: [8] Use of undefined constant title - assumed 'title' D:\xampp\htdocs\Dcard_catch\Dcard\Runtime\Cache\Trade\0525c782be5d55afd63a61aa16d0abe5.php 第 16 行.
NOTIC: [8] Use of undefined constant title - assumed 'title' D:\xampp\htdocs\Dcard_catch\Dcard\Runtime\Cache\Trade\0525c782be5d55afd63a61aa16d0abe5.php 第 16 行.
NOTIC: [8] Use of undefined constant title - assumed 'title' D:\xampp\htdocs\Dcard_catch\Dcard\Runtime\Cache\Trade\0525c782be5d55afd63a61aa16d0abe5.php 第 16 行.
NOTIC: [8] Use of undefined constant title - assumed 'title' D:\xampp\htdocs\Dcard_catch\Dcard\Runtime\Cache\Trade\0525c782be5d55afd63a61aa16d0abe5.php 第 16 行.
NOTIC: [8] Use of undefined constant title - assumed 'title' D:\xampp\htdocs\Dcard_catch\Dcard\Runtime\Cache\Trade\0525c782be5d55afd63a61aa16d0abe5.php 第 16 行.
NOTIC: [8] Use of undefined constant title - assumed 'title' D:\xampp\htdocs\Dcard_catch\Dcard\Runtime\Cache\Trade\0525c782be5d55afd63a61aa16d0abe5.php 第 16 行.
NOTIC: [8] Use of undefined constant title - assumed 'title' D:\xampp\htdocs\Dcard_catch\Dcard\Runtime\Cache\Trade\0525c782be5d55afd63a61aa16d0abe5.php 第 16 行.
NOTIC: [8] Use of undefined constant title - assumed 'title' D:\xampp\htdocs\Dcard_catch\Dcard\Runtime\Cache\Trade\0525c782be5d55afd63a61aa16d0abe5.php 第 16 行.
NOTIC: [8] Use of undefined constant title - assumed 'title' D:\xampp\htdocs\Dcard_catch\Dcard\Runtime\Cache\Trade\0525c782be5d55afd63a61aa16d0abe5.php 第 16 行.
NOTIC: [8] Use of undefined constant title - assumed 'title' D:\xampp\htdocs\Dcard_catch\Dcard\Runtime\Cache\Trade\0525c782be5d55afd63a61aa16d0abe5.php 第 16 行.
NOTIC: [8] Use of undefined constant title - assumed 'title' D:\xampp\htdocs\Dcard_catch\Dcard\Runtime\Cache\Trade\0525c782be5d55afd63a61aa16d0abe5.php 第 16 行.
NOTIC: [8] Use of undefined constant title - assumed 'title' D:\xampp\htdocs\Dcard_catch\Dcard\Runtime\Cache\Trade\0525c782be5d55afd63a61aa16d0abe5.php 第 16 行.
NOTIC: [8] Use of undefined constant title - assumed 'title' D:\xampp\htdocs\Dcard_catch\Dcard\Runtime\Cache\Trade\0525c782be5d55afd63a61aa16d0abe5.php 第 16 行.
NOTIC: [8] Use of undefined constant title - assumed 'title' D:\xampp\htdocs\Dcard_catch\Dcard\Runtime\Cache\Trade\0525c782be5d55afd63a61aa16d0abe5.php 第 16 行.
NOTIC: [8] Use of undefined constant title - assumed 'title' D:\xampp\htdocs\Dcard_catch\Dcard\Runtime\Cache\Trade\0525c782be5d55afd63a61aa16d0abe5.php 第 16 行.
NOTIC: [8] Use of undefined constant title - assumed 'title' D:\xampp\htdocs\Dcard_catch\Dcard\Runtime\Cache\Trade\0525c782be5d55afd63a61aa16d0abe5.php 第 16 行.
NOTIC: [8] Undefined index: title D:\xampp\htdocs\Dcard_catch\Dcard\Runtime\Cache\Trade\0525c782be5d55afd63a61aa16d0abe5.php 第 37 行.
NOTIC: [8] Undefined index: class D:\xampp\htdocs\Dcard_catch\Dcard\Runtime\Cache\Trade\0525c782be5d55afd63a61aa16d0abe5.php 第 42 行.
NOTIC: [8] Use of undefined constant title - assumed 'title' D:\xampp\htdocs\Dcard_catch\Dcard\Runtime\Cache\Trade\0525c782be5d55afd63a61aa16d0abe5.php 第 42 行.
NOTIC: [8] Use of undefined constant title - assumed 'title' D:\xampp\htdocs\Dcard_catch\Dcard\Runtime\Cache\Trade\0525c782be5d55afd63a61aa16d0abe5.php 第 42 行.
NOTIC: [8] Use of undefined constant title - assumed 'title' D:\xampp\htdocs\Dcard_catch\Dcard\Runtime\Cache\Trade\0525c782be5d55afd63a61aa16d0abe5.php 第 42 行.
NOTIC: [8] Undefined index: class D:\xampp\htdocs\Dcard_catch\Dcard\Runtime\Cache\Trade\0525c782be5d55afd63a61aa16d0abe5.php 第 42 行.
NOTIC: [8] Use of undefined constant title - assumed 'title' D:\xampp\htdocs\Dcard_catch\Dcard\Runtime\Cache\Trade\0525c782be5d55afd63a61aa16d0abe5.php 第 42 行.
NOTIC: [8] Use of undefined constant title - assumed 'title' D:\xampp\htdocs\Dcard_catch\Dcard\Runtime\Cache\Trade\0525c782be5d55afd63a61aa16d0abe5.php 第 42 行.
NOTIC: [8] Use of undefined constant title - assumed 'title' D:\xampp\htdocs\Dcard_catch\Dcard\Runtime\Cache\Trade\0525c782be5d55afd63a61aa16d0abe5.php 第 42 行.
NOTIC: [8] Undefined index: class D:\xampp\htdocs\Dcard_catch\Dcard\Runtime\Cache\Trade\0525c782be5d55afd63a61aa16d0abe5.php 第 42 行.
NOTIC: [8] Use of undefined constant title - assumed 'title' D:\xampp\htdocs\Dcard_catch\Dcard\Runtime\Cache\Trade\0525c782be5d55afd63a61aa16d0abe5.php 第 42 行.
NOTIC: [8] Use of undefined constant title - assumed 'title' D:\xampp\htdocs\Dcard_catch\Dcard\Runtime\Cache\Trade\0525c782be5d55afd63a61aa16d0abe5.php 第 42 行.
NOTIC: [8] Use of undefined constant title - assumed 'title' D:\xampp\htdocs\Dcard_catch\Dcard\Runtime\Cache\Trade\0525c782be5d55afd63a61aa16d0abe5.php 第 42 行.
NOTIC: [8] Undefined index: class D:\xampp\htdocs\Dcard_catch\Dcard\Runtime\Cache\Trade\0525c782be5d55afd63a61aa16d0abe5.php 第 42 行.
NOTIC: [8] Use of undefined constant title - assumed 'title' D:\xampp\htdocs\Dcard_catch\Dcard\Runtime\Cache\Trade\0525c782be5d55afd63a61aa16d0abe5.php 第 42 行.
NOTIC: [8] Use of undefined constant title - assumed 'title' D:\xampp\htdocs\Dcard_catch\Dcard\Runtime\Cache\Trade\0525c782be5d55afd63a61aa16d0abe5.php 第 42 行.
NOTIC: [8] Use of undefined constant title - assumed 'title' D:\xampp\htdocs\Dcard_catch\Dcard\Runtime\Cache\Trade\0525c782be5d55afd63a61aa16d0abe5.php 第 42 行.
NOTIC: [8] Undefined index: class D:\xampp\htdocs\Dcard_catch\Dcard\Runtime\Cache\Trade\0525c782be5d55afd63a61aa16d0abe5.php 第 42 行.
NOTIC: [8] Use of undefined constant title - assumed 'title' D:\xampp\htdocs\Dcard_catch\Dcard\Runtime\Cache\Trade\0525c782be5d55afd63a61aa16d0abe5.php 第 42 行.
NOTIC: [8] Use of undefined constant title - assumed 'title' D:\xampp\htdocs\Dcard_catch\Dcard\Runtime\Cache\Trade\0525c782be5d55afd63a61aa16d0abe5.php 第 42 行.
NOTIC: [8] Use of undefined constant title - assumed 'title' D:\xampp\htdocs\Dcard_catch\Dcard\Runtime\Cache\Trade\0525c782be5d55afd63a61aa16d0abe5.php 第 42 行.
NOTIC: [8] Undefined index: class D:\xampp\htdocs\Dcard_catch\Dcard\Runtime\Cache\Trade\0525c782be5d55afd63a61aa16d0abe5.php 第 42 行.
NOTIC: [8] Use of undefined constant title - assumed 'title' D:\xampp\htdocs\Dcard_catch\Dcard\Runtime\Cache\Trade\0525c782be5d55afd63a61aa16d0abe5.php 第 42 行.
NOTIC: [8] Use of undefined constant title - assumed 'title' D:\xampp\htdocs\Dcard_catch\Dcard\Runtime\Cache\Trade\0525c782be5d55afd63a61aa16d0abe5.php 第 42 行.
NOTIC: [8] Use of undefined constant title - assumed 'title' D:\xampp\htdocs\Dcard_catch\Dcard\Runtime\Cache\Trade\0525c782be5d55afd63a61aa16d0abe5.php 第 42 行.
NOTIC: [8] Undefined index: class D:\xampp\htdocs\Dcard_catch\Dcard\Runtime\Cache\Trade\0525c782be5d55afd63a61aa16d0abe5.php 第 42 行.
NOTIC: [8] Use of undefined constant title - assumed 'title' D:\xampp\htdocs\Dcard_catch\Dcard\Runtime\Cache\Trade\0525c782be5d55afd63a61aa16d0abe5.php 第 42 行.
NOTIC: [8] Use of undefined constant title - assumed 'title' D:\xampp\htdocs\Dcard_catch\Dcard\Runtime\Cache\Trade\0525c782be5d55afd63a61aa16d0abe5.php 第 42 行.
NOTIC: [8] Use of undefined constant title - assumed 'title' D:\xampp\htdocs\Dcard_catch\Dcard\Runtime\Cache\Trade\0525c782be5d55afd63a61aa16d0abe5.php 第 42 行.
NOTIC: [8] Undefined index: class D:\xampp\htdocs\Dcard_catch\Dcard\Runtime\Cache\Trade\0525c782be5d55afd63a61aa16d0abe5.php 第 42 行.
NOTIC: [8] Use of undefined constant title - assumed 'title' D:\xampp\htdocs\Dcard_catch\Dcard\Runtime\Cache\Trade\0525c782be5d55afd63a61aa16d0abe5.php 第 42 行.
NOTIC: [8] Use of undefined constant title - assumed 'title' D:\xampp\htdocs\Dcard_catch\Dcard\Runtime\Cache\Trade\0525c782be5d55afd63a61aa16d0abe5.php 第 42 行.
NOTIC: [8] Use of undefined constant title - assumed 'title' D:\xampp\htdocs\Dcard_catch\Dcard\Runtime\Cache\Trade\0525c782be5d55afd63a61aa16d0abe5.php 第 42 行.
NOTIC: [8] Undefined index: class D:\xampp\htdocs\Dcard_catch\Dcard\Runtime\Cache\Trade\0525c782be5d55afd63a61aa16d0abe5.php 第 42 行.
NOTIC: [8] Use of undefined constant title - assumed 'title' D:\xampp\htdocs\Dcard_catch\Dcard\Runtime\Cache\Trade\0525c782be5d55afd63a61aa16d0abe5.php 第 42 行.
NOTIC: [8] Use of undefined constant title - assumed 'title' D:\xampp\htdocs\Dcard_catch\Dcard\Runtime\Cache\Trade\0525c782be5d55afd63a61aa16d0abe5.php 第 42 行.
NOTIC: [8] Use of undefined constant title - assumed 'title' D:\xampp\htdocs\Dcard_catch\Dcard\Runtime\Cache\Trade\0525c782be5d55afd63a61aa16d0abe5.php 第 42 行.
NOTIC: [8] Undefined index: class D:\xampp\htdocs\Dcard_catch\Dcard\Runtime\Cache\Trade\0525c782be5d55afd63a61aa16d0abe5.php 第 42 行.
NOTIC: [8] Use of undefined constant title - assumed 'title' D:\xampp\htdocs\Dcard_catch\Dcard\Runtime\Cache\Trade\0525c782be5d55afd63a61aa16d0abe5.php 第 42 行.
NOTIC: [8] Use of undefined constant title - assumed 'title' D:\xampp\htdocs\Dcard_catch\Dcard\Runtime\Cache\Trade\0525c782be5d55afd63a61aa16d0abe5.php 第 42 行.
NOTIC: [8] Use of undefined constant title - assumed 'title' D:\xampp\htdocs\Dcard_catch\Dcard\Runtime\Cache\Trade\0525c782be5d55afd63a61aa16d0abe5.php 第 42 行.
NOTIC: [8] Undefined index: class D:\xampp\htdocs\Dcard_catch\Dcard\Runtime\Cache\Trade\0525c782be5d55afd63a61aa16d0abe5.php 第 42 行.
NOTIC: [8] Use of undefined constant title - assumed 'title' D:\xampp\htdocs\Dcard_catch\Dcard\Runtime\Cache\Trade\0525c782be5d55afd63a61aa16d0abe5.php 第 42 行.
NOTIC: [8] Use of undefined constant title - assumed 'title' D:\xampp\htdocs\Dcard_catch\Dcard\Runtime\Cache\Trade\0525c782be5d55afd63a61aa16d0abe5.php 第 42 行.
NOTIC: [8] Use of undefined constant title - assumed 'title' D:\xampp\htdocs\Dcard_catch\Dcard\Runtime\Cache\Trade\0525c782be5d55afd63a61aa16d0abe5.php 第 42 行.
NOTIC: [8] Undefined index: class D:\xampp\htdocs\Dcard_catch\Dcard\Runtime\Cache\Trade\0525c782be5d55afd63a61aa16d0abe5.php 第 42 行.
NOTIC: [8] Use of undefined constant title - assumed 'title' D:\xampp\htdocs\Dcard_catch\Dcard\Runtime\Cache\Trade\0525c782be5d55afd63a61aa16d0abe5.php 第 42 行.
NOTIC: [8] Use of undefined constant title - assumed 'title' D:\xampp\htdocs\Dcard_catch\Dcard\Runtime\Cache\Trade\0525c782be5d55afd63a61aa16d0abe5.php 第 42 行.
NOTIC: [8] Use of undefined constant title - assumed 'title' D:\xampp\htdocs\Dcard_catch\Dcard\Runtime\Cache\Trade\0525c782be5d55afd63a61aa16d0abe5.php 第 42 行.
NOTIC: [8] Undefined index: class D:\xampp\htdocs\Dcard_catch\Dcard\Runtime\Cache\Trade\0525c782be5d55afd63a61aa16d0abe5.php 第 42 行.
NOTIC: [8] Use of undefined constant title - assumed 'title' D:\xampp\htdocs\Dcard_catch\Dcard\Runtime\Cache\Trade\0525c782be5d55afd63a61aa16d0abe5.php 第 42 行.
NOTIC: [8] Use of undefined constant title - assumed 'title' D:\xampp\htdocs\Dcard_catch\Dcard\Runtime\Cache\Trade\0525c782be5d55afd63a61aa16d0abe5.php 第 42 行.
NOTIC: [8] Use of undefined constant title - assumed 'title' D:\xampp\htdocs\Dcard_catch\Dcard\Runtime\Cache\Trade\0525c782be5d55afd63a61aa16d0abe5.php 第 42 行.
NOTIC: [8] Undefined index: class D:\xampp\htdocs\Dcard_catch\Dcard\Runtime\Cache\Trade\0525c782be5d55afd63a61aa16d0abe5.php 第 42 行.
NOTIC: [8] Use of undefined constant title - assumed 'title' D:\xampp\htdocs\Dcard_catch\Dcard\Runtime\Cache\Trade\0525c782be5d55afd63a61aa16d0abe5.php 第 42 行.
NOTIC: [8] Use of undefined constant title - assumed 'title' D:\xampp\htdocs\Dcard_catch\Dcard\Runtime\Cache\Trade\0525c782be5d55afd63a61aa16d0abe5.php 第 42 行.
NOTIC: [8] Use of undefined constant title - assumed 'title' D:\xampp\htdocs\Dcard_catch\Dcard\Runtime\Cache\Trade\0525c782be5d55afd63a61aa16d0abe5.php 第 42 行.
NOTIC: [8] Undefined index: class D:\xampp\htdocs\Dcard_catch\Dcard\Runtime\Cache\Trade\0525c782be5d55afd63a61aa16d0abe5.php 第 42 行.
NOTIC: [8] Use of undefined constant title - assumed 'title' D:\xampp\htdocs\Dcard_catch\Dcard\Runtime\Cache\Trade\0525c782be5d55afd63a61aa16d0abe5.php 第 42 行.
NOTIC: [8] Use of undefined constant title - assumed 'title' D:\xampp\htdocs\Dcard_catch\Dcard\Runtime\Cache\Trade\0525c782be5d55afd63a61aa16d0abe5.php 第 42 行.
NOTIC: [8] Use of undefined constant title - assumed 'title' D:\xampp\htdocs\Dcard_catch\Dcard\Runtime\Cache\Trade\0525c782be5d55afd63a61aa16d0abe5.php 第 42 行.
NOTIC: [8] Undefined index: class D:\xampp\htdocs\Dcard_catch\Dcard\Runtime\Cache\Trade\0525c782be5d55afd63a61aa16d0abe5.php 第 42 行.
NOTIC: [8] Use of undefined constant title - assumed 'title' D:\xampp\htdocs\Dcard_catch\Dcard\Runtime\Cache\Trade\0525c782be5d55afd63a61aa16d0abe5.php 第 42 行.
NOTIC: [8] Use of undefined constant title - assumed 'title' D:\xampp\htdocs\Dcard_catch\Dcard\Runtime\Cache\Trade\0525c782be5d55afd63a61aa16d0abe5.php 第 42 行.
NOTIC: [8] Use of undefined constant title - assumed 'title' D:\xampp\htdocs\Dcard_catch\Dcard\Runtime\Cache\Trade\0525c782be5d55afd63a61aa16d0abe5.php 第 42 行.
NOTIC: [8] Undefined index: class D:\xampp\htdocs\Dcard_catch\Dcard\Runtime\Cache\Trade\0525c782be5d55afd63a61aa16d0abe5.php 第 42 行.
NOTIC: [8] Use of undefined constant title - assumed 'title' D:\xampp\htdocs\Dcard_catch\Dcard\Runtime\Cache\Trade\0525c782be5d55afd63a61aa16d0abe5.php 第 42 行.
NOTIC: [8] Use of undefined constant title - assumed 'title' D:\xampp\htdocs\Dcard_catch\Dcard\Runtime\Cache\Trade\0525c782be5d55afd63a61aa16d0abe5.php 第 42 行.
NOTIC: [8] Use of undefined constant title - assumed 'title' D:\xampp\htdocs\Dcard_catch\Dcard\Runtime\Cache\Trade\0525c782be5d55afd63a61aa16d0abe5.php 第 42 行.
NOTIC: [8] Undefined index: class D:\xampp\htdocs\Dcard_catch\Dcard\Runtime\Cache\Trade\0525c782be5d55afd63a61aa16d0abe5.php 第 42 行.
NOTIC: [8] Use of undefined constant title - assumed 'title' D:\xampp\htdocs\Dcard_catch\Dcard\Runtime\Cache\Trade\0525c782be5d55afd63a61aa16d0abe5.php 第 42 行.
NOTIC: [8] Use of undefined constant title - assumed 'title' D:\xampp\htdocs\Dcard_catch\Dcard\Runtime\Cache\Trade\0525c782be5d55afd63a61aa16d0abe5.php 第 42 行.
NOTIC: [8] Use of undefined constant title - assumed 'title' D:\xampp\htdocs\Dcard_catch\Dcard\Runtime\Cache\Trade\0525c782be5d55afd63a61aa16d0abe5.php 第 42 行.
NOTIC: [8] Undefined index: class D:\xampp\htdocs\Dcard_catch\Dcard\Runtime\Cache\Trade\0525c782be5d55afd63a61aa16d0abe5.php 第 42 行.
NOTIC: [8] Use of undefined constant title - assumed 'title' D:\xampp\htdocs\Dcard_catch\Dcard\Runtime\Cache\Trade\0525c782be5d55afd63a61aa16d0abe5.php 第 42 行.
NOTIC: [8] Use of undefined constant title - assumed 'title' D:\xampp\htdocs\Dcard_catch\Dcard\Runtime\Cache\Trade\0525c782be5d55afd63a61aa16d0abe5.php 第 42 行.
NOTIC: [8] Use of undefined constant title - assumed 'title' D:\xampp\htdocs\Dcard_catch\Dcard\Runtime\Cache\Trade\0525c782be5d55afd63a61aa16d0abe5.php 第 42 行.
NOTIC: [8] Undefined index: class D:\xampp\htdocs\Dcard_catch\Dcard\Runtime\Cache\Trade\0525c782be5d55afd63a61aa16d0abe5.php 第 42 行.
NOTIC: [8] Use of undefined constant title - assumed 'title' D:\xampp\htdocs\Dcard_catch\Dcard\Runtime\Cache\Trade\0525c782be5d55afd63a61aa16d0abe5.php 第 42 行.
NOTIC: [8] Use of undefined constant title - assumed 'title' D:\xampp\htdocs\Dcard_catch\Dcard\Runtime\Cache\Trade\0525c782be5d55afd63a61aa16d0abe5.php 第 42 行.
NOTIC: [8] Use of undefined constant title - assumed 'title' D:\xampp\htdocs\Dcard_catch\Dcard\Runtime\Cache\Trade\0525c782be5d55afd63a61aa16d0abe5.php 第 42 行.
NOTIC: [8] Undefined index: class D:\xampp\htdocs\Dcard_catch\Dcard\Runtime\Cache\Trade\0525c782be5d55afd63a61aa16d0abe5.php 第 42 行.
NOTIC: [8] Use of undefined constant title - assumed 'title' D:\xampp\htdocs\Dcard_catch\Dcard\Runtime\Cache\Trade\0525c782be5d55afd63a61aa16d0abe5.php 第 42 行.
NOTIC: [8] Use of undefined constant title - assumed 'title' D:\xampp\htdocs\Dcard_catch\Dcard\Runtime\Cache\Trade\0525c782be5d55afd63a61aa16d0abe5.php 第 42 行.
NOTIC: [8] Use of undefined constant title - assumed 'title' D:\xampp\htdocs\Dcard_catch\Dcard\Runtime\Cache\Trade\0525c782be5d55afd63a61aa16d0abe5.php 第 42 行.
NOTIC: [8] Undefined index: class D:\xampp\htdocs\Dcard_catch\Dcard\Runtime\Cache\Trade\0525c782be5d55afd63a61aa16d0abe5.php 第 42 行.
NOTIC: [8] Use of undefined constant title - assumed 'title' D:\xampp\htdocs\Dcard_catch\Dcard\Runtime\Cache\Trade\0525c782be5d55afd63a61aa16d0abe5.php 第 42 行.
NOTIC: [8] Use of undefined constant title - assumed 'title' D:\xampp\htdocs\Dcard_catch\Dcard\Runtime\Cache\Trade\0525c782be5d55afd63a61aa16d0abe5.php 第 42 行.
NOTIC: [8] Use of undefined constant title - assumed 'title' D:\xampp\htdocs\Dcard_catch\Dcard\Runtime\Cache\Trade\0525c782be5d55afd63a61aa16d0abe5.php 第 42 行.
NOTIC: [8] Undefined index: class D:\xampp\htdocs\Dcard_catch\Dcard\Runtime\Cache\Trade\0525c782be5d55afd63a61aa16d0abe5.php 第 42 行.
NOTIC: [8] Use of undefined constant title - assumed 'title' D:\xampp\htdocs\Dcard_catch\Dcard\Runtime\Cache\Trade\0525c782be5d55afd63a61aa16d0abe5.php 第 42 行.
NOTIC: [8] Use of undefined constant title - assumed 'title' D:\xampp\htdocs\Dcard_catch\Dcard\Runtime\Cache\Trade\0525c782be5d55afd63a61aa16d0abe5.php 第 42 行.
NOTIC: [8] Use of undefined constant title - assumed 'title' D:\xampp\htdocs\Dcard_catch\Dcard\Runtime\Cache\Trade\0525c782be5d55afd63a61aa16d0abe5.php 第 42 行.
NOTIC: [8] Undefined index: class D:\xampp\htdocs\Dcard_catch\Dcard\Runtime\Cache\Trade\0525c782be5d55afd63a61aa16d0abe5.php 第 42 行.
NOTIC: [8] Use of undefined constant title - assumed 'title' D:\xampp\htdocs\Dcard_catch\Dcard\Runtime\Cache\Trade\0525c782be5d55afd63a61aa16d0abe5.php 第 42 行.
NOTIC: [8] Use of undefined constant title - assumed 'title' D:\xampp\htdocs\Dcard_catch\Dcard\Runtime\Cache\Trade\0525c782be5d55afd63a61aa16d0abe5.php 第 42 行.
NOTIC: [8] Use of undefined constant title - assumed 'title' D:\xampp\htdocs\Dcard_catch\Dcard\Runtime\Cache\Trade\0525c782be5d55afd63a61aa16d0abe5.php 第 42 行.
NOTIC: [8] Undefined index: class D:\xampp\htdocs\Dcard_catch\Dcard\Runtime\Cache\Trade\0525c782be5d55afd63a61aa16d0abe5.php 第 42 行.
NOTIC: [8] Use of undefined constant title - assumed 'title' D:\xampp\htdocs\Dcard_catch\Dcard\Runtime\Cache\Trade\0525c782be5d55afd63a61aa16d0abe5.php 第 42 行.
NOTIC: [8] Use of undefined constant title - assumed 'title' D:\xampp\htdocs\Dcard_catch\Dcard\Runtime\Cache\Trade\0525c782be5d55afd63a61aa16d0abe5.php 第 42 行.
NOTIC: [8] Use of undefined constant title - assumed 'title' D:\xampp\htdocs\Dcard_catch\Dcard\Runtime\Cache\Trade\0525c782be5d55afd63a61aa16d0abe5.php 第 42 行.
NOTIC: [8] Undefined index: class D:\xampp\htdocs\Dcard_catch\Dcard\Runtime\Cache\Trade\0525c782be5d55afd63a61aa16d0abe5.php 第 42 行.
NOTIC: [8] Use of undefined constant title - assumed 'title' D:\xampp\htdocs\Dcard_catch\Dcard\Runtime\Cache\Trade\0525c782be5d55afd63a61aa16d0abe5.php 第 42 行.
NOTIC: [8] Use of undefined constant title - assumed 'title' D:\xampp\htdocs\Dcard_catch\Dcard\Runtime\Cache\Trade\0525c782be5d55afd63a61aa16d0abe5.php 第 42 行.
NOTIC: [8] Use of undefined constant title - assumed 'title' D:\xampp\htdocs\Dcard_catch\Dcard\Runtime\Cache\Trade\0525c782be5d55afd63a61aa16d0abe5.php 第 42 行.
NOTIC: [8] Undefined index: class D:\xampp\htdocs\Dcard_catch\Dcard\Runtime\Cache\Trade\0525c782be5d55afd63a61aa16d0abe5.php 第 42 行.
NOTIC: [8] Use of undefined constant title - assumed 'title' D:\xampp\htdocs\Dcard_catch\Dcard\Runtime\Cache\Trade\0525c782be5d55afd63a61aa16d0abe5.php 第 42 行.
NOTIC: [8] Use of undefined constant title - assumed 'title' D:\xampp\htdocs\Dcard_catch\Dcard\Runtime\Cache\Trade\0525c782be5d55afd63a61aa16d0abe5.php 第 42 行.
NOTIC: [8] Use of undefined constant title - assumed 'title' D:\xampp\htdocs\Dcard_catch\Dcard\Runtime\Cache\Trade\0525c782be5d55afd63a61aa16d0abe5.php 第 42 行.
NOTIC: [8] Undefined index: class D:\xampp\htdocs\Dcard_catch\Dcard\Runtime\Cache\Trade\0525c782be5d55afd63a61aa16d0abe5.php 第 42 行.
NOTIC: [8] Use of undefined constant title - assumed 'title' D:\xampp\htdocs\Dcard_catch\Dcard\Runtime\Cache\Trade\0525c782be5d55afd63a61aa16d0abe5.php 第 42 行.
NOTIC: [8] Use of undefined constant title - assumed 'title' D:\xampp\htdocs\Dcard_catch\Dcard\Runtime\Cache\Trade\0525c782be5d55afd63a61aa16d0abe5.php 第 42 行.
NOTIC: [8] Use of undefined constant title - assumed 'title' D:\xampp\htdocs\Dcard_catch\Dcard\Runtime\Cache\Trade\0525c782be5d55afd63a61aa16d0abe5.php 第 42 行.
NOTIC: [8] Undefined index: class D:\xampp\htdocs\Dcard_catch\Dcard\Runtime\Cache\Trade\0525c782be5d55afd63a61aa16d0abe5.php 第 42 行.
NOTIC: [8] Use of undefined constant title - assumed 'title' D:\xampp\htdocs\Dcard_catch\Dcard\Runtime\Cache\Trade\0525c782be5d55afd63a61aa16d0abe5.php 第 42 行.
NOTIC: [8] Use of undefined constant title - assumed 'title' D:\xampp\htdocs\Dcard_catch\Dcard\Runtime\Cache\Trade\0525c782be5d55afd63a61aa16d0abe5.php 第 42 行.
NOTIC: [8] Use of undefined constant title - assumed 'title' D:\xampp\htdocs\Dcard_catch\Dcard\Runtime\Cache\Trade\0525c782be5d55afd63a61aa16d0abe5.php 第 42 行.
NOTIC: [8] Undefined index: class D:\xampp\htdocs\Dcard_catch\Dcard\Runtime\Cache\Trade\0525c782be5d55afd63a61aa16d0abe5.php 第 42 行.
NOTIC: [8] Use of undefined constant title - assumed 'title' D:\xampp\htdocs\Dcard_catch\Dcard\Runtime\Cache\Trade\0525c782be5d55afd63a61aa16d0abe5.php 第 42 行.
NOTIC: [8] Use of undefined constant title - assumed 'title' D:\xampp\htdocs\Dcard_catch\Dcard\Runtime\Cache\Trade\0525c782be5d55afd63a61aa16d0abe5.php 第 42 行.
NOTIC: [8] Use of undefined constant title - assumed 'title' D:\xampp\htdocs\Dcard_catch\Dcard\Runtime\Cache\Trade\0525c782be5d55afd63a61aa16d0abe5.php 第 42 行.
NOTIC: [8] Undefined index: class D:\xampp\htdocs\Dcard_catch\Dcard\Runtime\Cache\Trade\0525c782be5d55afd63a61aa16d0abe5.php 第 42 行.
NOTIC: [8] Use of undefined constant title - assumed 'title' D:\xampp\htdocs\Dcard_catch\Dcard\Runtime\Cache\Trade\0525c782be5d55afd63a61aa16d0abe5.php 第 42 行.
NOTIC: [8] Use of undefined constant title - assumed 'title' D:\xampp\htdocs\Dcard_catch\Dcard\Runtime\Cache\Trade\0525c782be5d55afd63a61aa16d0abe5.php 第 42 行.
NOTIC: [8] Use of undefined constant title - assumed 'title' D:\xampp\htdocs\Dcard_catch\Dcard\Runtime\Cache\Trade\0525c782be5d55afd63a61aa16d0abe5.php 第 42 行.
NOTIC: [8] Undefined index: class D:\xampp\htdocs\Dcard_catch\Dcard\Runtime\Cache\Trade\0525c782be5d55afd63a61aa16d0abe5.php 第 42 行.
NOTIC: [8] Use of undefined constant title - assumed 'title' D:\xampp\htdocs\Dcard_catch\Dcard\Runtime\Cache\Trade\0525c782be5d55afd63a61aa16d0abe5.php 第 42 行.
NOTIC: [8] Use of undefined constant title - assumed 'title' D:\xampp\htdocs\Dcard_catch\Dcard\Runtime\Cache\Trade\0525c782be5d55afd63a61aa16d0abe5.php 第 42 行.
NOTIC: [8] Use of undefined constant title - assumed 'title' D:\xampp\htdocs\Dcard_catch\Dcard\Runtime\Cache\Trade\0525c782be5d55afd63a61aa16d0abe5.php 第 42 行.
NOTIC: [8] Undefined index: class D:\xampp\htdocs\Dcard_catch\Dcard\Runtime\Cache\Trade\0525c782be5d55afd63a61aa16d0abe5.php 第 42 行.
NOTIC: [8] Use of undefined constant title - assumed 'title' D:\xampp\htdocs\Dcard_catch\Dcard\Runtime\Cache\Trade\0525c782be5d55afd63a61aa16d0abe5.php 第 42 行.
NOTIC: [8] Use of undefined constant title - assumed 'title' D:\xampp\htdocs\Dcard_catch\Dcard\Runtime\Cache\Trade\0525c782be5d55afd63a61aa16d0abe5.php 第 42 行.
NOTIC: [8] Use of undefined constant title - assumed 'title' D:\xampp\htdocs\Dcard_catch\Dcard\Runtime\Cache\Trade\0525c782be5d55afd63a61aa16d0abe5.php 第 42 行.
NOTIC: [8] Undefined index: class D:\xampp\htdocs\Dcard_catch\Dcard\Runtime\Cache\Trade\0525c782be5d55afd63a61aa16d0abe5.php 第 42 行.
NOTIC: [8] Use of undefined constant title - assumed 'title' D:\xampp\htdocs\Dcard_catch\Dcard\Runtime\Cache\Trade\0525c782be5d55afd63a61aa16d0abe5.php 第 42 行.
NOTIC: [8] Use of undefined constant title - assumed 'title' D:\xampp\htdocs\Dcard_catch\Dcard\Runtime\Cache\Trade\0525c782be5d55afd63a61aa16d0abe5.php 第 42 行.
NOTIC: [8] Use of undefined constant title - assumed 'title' D:\xampp\htdocs\Dcard_catch\Dcard\Runtime\Cache\Trade\0525c782be5d55afd63a61aa16d0abe5.php 第 42 行.
NOTIC: [8] Undefined index: class D:\xampp\htdocs\Dcard_catch\Dcard\Runtime\Cache\Trade\0525c782be5d55afd63a61aa16d0abe5.php 第 42 行.
NOTIC: [8] Use of undefined constant title - assumed 'title' D:\xampp\htdocs\Dcard_catch\Dcard\Runtime\Cache\Trade\0525c782be5d55afd63a61aa16d0abe5.php 第 42 行.
NOTIC: [8] Use of undefined constant title - assumed 'title' D:\xampp\htdocs\Dcard_catch\Dcard\Runtime\Cache\Trade\0525c782be5d55afd63a61aa16d0abe5.php 第 42 行.
NOTIC: [8] Use of undefined constant title - assumed 'title' D:\xampp\htdocs\Dcard_catch\Dcard\Runtime\Cache\Trade\0525c782be5d55afd63a61aa16d0abe5.php 第 42 行.
NOTIC: [8] Undefined index: class D:\xampp\htdocs\Dcard_catch\Dcard\Runtime\Cache\Trade\0525c782be5d55afd63a61aa16d0abe5.php 第 42 行.
NOTIC: [8] Use of undefined constant title - assumed 'title' D:\xampp\htdocs\Dcard_catch\Dcard\Runtime\Cache\Trade\0525c782be5d55afd63a61aa16d0abe5.php 第 42 行.
NOTIC: [8] Use of undefined constant title - assumed 'title' D:\xampp\htdocs\Dcard_catch\Dcard\Runtime\Cache\Trade\0525c782be5d55afd63a61aa16d0abe5.php 第 42 行.
NOTIC: [8] Use of undefined constant title - assumed 'title' D:\xampp\htdocs\Dcard_catch\Dcard\Runtime\Cache\Trade\0525c782be5d55afd63a61aa16d0abe5.php 第 42 行.
NOTIC: [8] Undefined index: class D:\xampp\htdocs\Dcard_catch\Dcard\Runtime\Cache\Trade\0525c782be5d55afd63a61aa16d0abe5.php 第 42 行.
NOTIC: [8] Use of undefined constant title - assumed 'title' D:\xampp\htdocs\Dcard_catch\Dcard\Runtime\Cache\Trade\0525c782be5d55afd63a61aa16d0abe5.php 第 42 行.
NOTIC: [8] Use of undefined constant title - assumed 'title' D:\xampp\htdocs\Dcard_catch\Dcard\Runtime\Cache\Trade\0525c782be5d55afd63a61aa16d0abe5.php 第 42 行.
NOTIC: [8] Use of undefined constant title - assumed 'title' D:\xampp\htdocs\Dcard_catch\Dcard\Runtime\Cache\Trade\0525c782be5d55afd63a61aa16d0abe5.php 第 42 行.
NOTIC: [8] Undefined index: hidd D:\xampp\htdocs\Dcard_catch\Dcard\Runtime\Cache\Trade\0525c782be5d55afd63a61aa16d0abe5.php 第 54 行.
NOTIC: [8] Use of undefined constant hidd - assumed 'hidd' D:\xampp\htdocs\Dcard_catch\Dcard\Runtime\Cache\Trade\0525c782be5d55afd63a61aa16d0abe5.php 第 73 行.
NOTIC: [8] Use of undefined constant title - assumed 'title' D:\xampp\htdocs\Dcard_catch\Dcard\Runtime\Cache\Trade\0525c782be5d55afd63a61aa16d0abe5.php 第 74 行.
NOTIC: [8] Use of undefined constant hidd - assumed 'hidd' D:\xampp\htdocs\Dcard_catch\Dcard\Runtime\Cache\Trade\0525c782be5d55afd63a61aa16d0abe5.php 第 73 行.
NOTIC: [8] Use of undefined constant title - assumed 'title' D:\xampp\htdocs\Dcard_catch\Dcard\Runtime\Cache\Trade\0525c782be5d55afd63a61aa16d0abe5.php 第 74 行.
NOTIC: [8] Use of undefined constant hidd - assumed 'hidd' D:\xampp\htdocs\Dcard_catch\Dcard\Runtime\Cache\Trade\0525c782be5d55afd63a61aa16d0abe5.php 第 73 行.
NOTIC: [8] Use of undefined constant title - assumed 'title' D:\xampp\htdocs\Dcard_catch\Dcard\Runtime\Cache\Trade\0525c782be5d55afd63a61aa16d0abe5.php 第 74 行.
NOTIC: [8] Use of undefined constant hidd - assumed 'hidd' D:\xampp\htdocs\Dcard_catch\Dcard\Runtime\Cache\Trade\0525c782be5d55afd63a61aa16d0abe5.php 第 73 行.
NOTIC: [8] Use of undefined constant title - assumed 'title' D:\xampp\htdocs\Dcard_catch\Dcard\Runtime\Cache\Trade\0525c782be5d55afd63a61aa16d0abe5.php 第 74 行.
NOTIC: [8] Use of undefined constant hidd - assumed 'hidd' D:\xampp\htdocs\Dcard_catch\Dcard\Runtime\Cache\Trade\0525c782be5d55afd63a61aa16d0abe5.php 第 73 行.
NOTIC: [8] Use of undefined constant title - assumed 'title' D:\xampp\htdocs\Dcard_catch\Dcard\Runtime\Cache\Trade\0525c782be5d55afd63a61aa16d0abe5.php 第 74 行.
NOTIC: [8] Use of undefined constant hidd - assumed 'hidd' D:\xampp\htdocs\Dcard_catch\Dcard\Runtime\Cache\Trade\0525c782be5d55afd63a61aa16d0abe5.php 第 73 行.
NOTIC: [8] Use of undefined constant title - assumed 'title' D:\xampp\htdocs\Dcard_catch\Dcard\Runtime\Cache\Trade\0525c782be5d55afd63a61aa16d0abe5.php 第 74 行.
NOTIC: [8] Use of undefined constant hidd - assumed 'hidd' D:\xampp\htdocs\Dcard_catch\Dcard\Runtime\Cache\Trade\0525c782be5d55afd63a61aa16d0abe5.php 第 73 行.
NOTIC: [8] Use of undefined constant title - assumed 'title' D:\xampp\htdocs\Dcard_catch\Dcard\Runtime\Cache\Trade\0525c782be5d55afd63a61aa16d0abe5.php 第 74 行.
NOTIC: [8] Use of undefined constant hidd - assumed 'hidd' D:\xampp\htdocs\Dcard_catch\Dcard\Runtime\Cache\Trade\0525c782be5d55afd63a61aa16d0abe5.php 第 73 行.
NOTIC: [8] Use of undefined constant title - assumed 'title' D:\xampp\htdocs\Dcard_catch\Dcard\Runtime\Cache\Trade\0525c782be5d55afd63a61aa16d0abe5.php 第 74 行.
NOTIC: [8] Use of undefined constant hidd - assumed 'hidd' D:\xampp\htdocs\Dcard_catch\Dcard\Runtime\Cache\Trade\0525c782be5d55afd63a61aa16d0abe5.php 第 73 行.
NOTIC: [8] Use of undefined constant title - assumed 'title' D:\xampp\htdocs\Dcard_catch\Dcard\Runtime\Cache\Trade\0525c782be5d55afd63a61aa16d0abe5.php 第 74 行.
NOTIC: [8] Use of undefined constant hidd - assumed 'hidd' D:\xampp\htdocs\Dcard_catch\Dcard\Runtime\Cache\Trade\0525c782be5d55afd63a61aa16d0abe5.php 第 73 行.
NOTIC: [8] Use of undefined constant title - assumed 'title' D:\xampp\htdocs\Dcard_catch\Dcard\Runtime\Cache\Trade\0525c782be5d55afd63a61aa16d0abe5.php 第 74 行.
NOTIC: [8] Use of undefined constant hidd - assumed 'hidd' D:\xampp\htdocs\Dcard_catch\Dcard\Runtime\Cache\Trade\0525c782be5d55afd63a61aa16d0abe5.php 第 73 行.
NOTIC: [8] Use of undefined constant title - assumed 'title' D:\xampp\htdocs\Dcard_catch\Dcard\Runtime\Cache\Trade\0525c782be5d55afd63a61aa16d0abe5.php 第 74 行.
NOTIC: [8] Use of undefined constant hidd - assumed 'hidd' D:\xampp\htdocs\Dcard_catch\Dcard\Runtime\Cache\Trade\0525c782be5d55afd63a61aa16d0abe5.php 第 73 行.
NOTIC: [8] Use of undefined constant title - assumed 'title' D:\xampp\htdocs\Dcard_catch\Dcard\Runtime\Cache\Trade\0525c782be5d55afd63a61aa16d0abe5.php 第 74 行.
NOTIC: [8] Use of undefined constant hidd - assumed 'hidd' D:\xampp\htdocs\Dcard_catch\Dcard\Runtime\Cache\Trade\0525c782be5d55afd63a61aa16d0abe5.php 第 73 行.
NOTIC: [8] Use of undefined constant title - assumed 'title' D:\xampp\htdocs\Dcard_catch\Dcard\Runtime\Cache\Trade\0525c782be5d55afd63a61aa16d0abe5.php 第 74 行.
NOTIC: [8] Use of undefined constant hidd - assumed 'hidd' D:\xampp\htdocs\Dcard_catch\Dcard\Runtime\Cache\Trade\0525c782be5d55afd63a61aa16d0abe5.php 第 73 行.
NOTIC: [8] Use of undefined constant title - assumed 'title' D:\xampp\htdocs\Dcard_catch\Dcard\Runtime\Cache\Trade\0525c782be5d55afd63a61aa16d0abe5.php 第 74 行.
NOTIC: [8] Use of undefined constant hidd - assumed 'hidd' D:\xampp\htdocs\Dcard_catch\Dcard\Runtime\Cache\Trade\0525c782be5d55afd63a61aa16d0abe5.php 第 73 行.
NOTIC: [8] Use of undefined constant title - assumed 'title' D:\xampp\htdocs\Dcard_catch\Dcard\Runtime\Cache\Trade\0525c782be5d55afd63a61aa16d0abe5.php 第 74 行.
NOTIC: [8] Use of undefined constant hidd - assumed 'hidd' D:\xampp\htdocs\Dcard_catch\Dcard\Runtime\Cache\Trade\0525c782be5d55afd63a61aa16d0abe5.php 第 73 行.
NOTIC: [8] Use of undefined constant title - assumed 'title' D:\xampp\htdocs\Dcard_catch\Dcard\Runtime\Cache\Trade\0525c782be5d55afd63a61aa16d0abe5.php 第 74 行.
NOTIC: [8] Use of undefined constant hidd - assumed 'hidd' D:\xampp\htdocs\Dcard_catch\Dcard\Runtime\Cache\Trade\0525c782be5d55afd63a61aa16d0abe5.php 第 73 行.
NOTIC: [8] Use of undefined constant title - assumed 'title' D:\xampp\htdocs\Dcard_catch\Dcard\Runtime\Cache\Trade\0525c782be5d55afd63a61aa16d0abe5.php 第 74 行.
NOTIC: [8] Use of undefined constant hidd - assumed 'hidd' D:\xampp\htdocs\Dcard_catch\Dcard\Runtime\Cache\Trade\0525c782be5d55afd63a61aa16d0abe5.php 第 73 行.
NOTIC: [8] Use of undefined constant title - assumed 'title' D:\xampp\htdocs\Dcard_catch\Dcard\Runtime\Cache\Trade\0525c782be5d55afd63a61aa16d0abe5.php 第 74 行.
NOTIC: [8] Use of undefined constant hidd - assumed 'hidd' D:\xampp\htdocs\Dcard_catch\Dcard\Runtime\Cache\Trade\0525c782be5d55afd63a61aa16d0abe5.php 第 73 行.
NOTIC: [8] Use of undefined constant title - assumed 'title' D:\xampp\htdocs\Dcard_catch\Dcard\Runtime\Cache\Trade\0525c782be5d55afd63a61aa16d0abe5.php 第 74 行.
NOTIC: [8] Use of undefined constant hidd - assumed 'hidd' D:\xampp\htdocs\Dcard_catch\Dcard\Runtime\Cache\Trade\0525c782be5d55afd63a61aa16d0abe5.php 第 73 行.
NOTIC: [8] Use of undefined constant title - assumed 'title' D:\xampp\htdocs\Dcard_catch\Dcard\Runtime\Cache\Trade\0525c782be5d55afd63a61aa16d0abe5.php 第 74 行.
NOTIC: [8] Use of undefined constant url - assumed 'url' D:\xampp\htdocs\Dcard_catch\Dcard\Runtime\Cache\Trade\0525c782be5d55afd63a61aa16d0abe5.php 第 91 行.
NOTIC: [8] Undefined index: url D:\xampp\htdocs\Dcard_catch\Dcard\Runtime\Cache\Trade\0525c782be5d55afd63a61aa16d0abe5.php 第 91 行.
INFO: Run Behavior\ParseTemplateBehavior [ RunTime:0.008966s ]
INFO: [ view_parse ] --END-- [ RunTime:0.008998s ]
INFO: [ view_filter ] --START--
INFO: Run Behavior\WriteHtmlCacheBehavior [ RunTime:0.000358s ]
INFO: [ view_filter ] --END-- [ RunTime:0.000380s ]
INFO: [ app_end ] --START--
INFO: Run Behavior\ShowPageTraceBehavior [ RunTime:0.000704s ]
INFO: [ app_end ] --END-- [ RunTime:0.000758s ]

[ 2017-05-03T22:58:00+08:00 ] 127.0.0.1 /index.php/Index/show.html?id=226167995
INFO: [ app_init ] --START--
INFO: Run Behavior\BuildLiteBehavior [ RunTime:0.000009s ]
INFO: [ app_init ] --END-- [ RunTime:0.000298s ]
NOTIC: [8] Use of undefined constant TMPL_PARSE_STRING - assumed 'TMPL_PARSE_STRING' D:\xampp\htdocs\Dcard_catch\Dcard\Trade\Conf\config.php 第 17 行.
INFO: [ app_begin ] --START--
INFO: Run Behavior\ReadHtmlCacheBehavior [ RunTime:0.000417s ]
INFO: [ app_begin ] --END-- [ RunTime:0.000445s ]
NOTIC: [2] Declaration of Trade\Controller\IndexController::show() should be compatible with Think\Controller::show($content, $charset = '', $contentType = '', $prefix = '') D:\xampp\htdocs\Dcard_catch\Dcard\Trade\Controller\IndexController.class.php 第 4 行.
SQL: SHOW COLUMNS FROM `classif` [ RunTime:0.0111s ]
SQL: SELECT * FROM `classif` WHERE ( status=1 )  [ RunTime:0.0005s ]
SQL: SHOW COLUMNS FROM `article` [ RunTime:0.0050s ]
SQL: SELECT * FROM `article` WHERE ( id='226167995' ) LIMIT 1   [ RunTime:0.0003s ]
INFO: [ view_parse ] --START--
INFO: [ template_filter ] --START--
INFO: Run Behavior\ContentReplaceBehavior [ RunTime:0.000055s ]
INFO: [ template_filter ] --END-- [ RunTime:0.000109s ]
NOTIC: [8] Use of undefined constant title - assumed 'title' D:\xampp\htdocs\Dcard_catch\Dcard\Runtime\Cache\Trade\29b3bc4abce848c93cd94613784243ad.php 第 16 行.
NOTIC: [8] Use of undefined constant title - assumed 'title' D:\xampp\htdocs\Dcard_catch\Dcard\Runtime\Cache\Trade\29b3bc4abce848c93cd94613784243ad.php 第 16 行.
NOTIC: [8] Use of undefined constant title - assumed 'title' D:\xampp\htdocs\Dcard_catch\Dcard\Runtime\Cache\Trade\29b3bc4abce848c93cd94613784243ad.php 第 16 行.
NOTIC: [8] Use of undefined constant title - assumed 'title' D:\xampp\htdocs\Dcard_catch\Dcard\Runtime\Cache\Trade\29b3bc4abce848c93cd94613784243ad.php 第 16 行.
NOTIC: [8] Use of undefined constant title - assumed 'title' D:\xampp\htdocs\Dcard_catch\Dcard\Runtime\Cache\Trade\29b3bc4abce848c93cd94613784243ad.php 第 16 行.
NOTIC: [8] Use of undefined constant title - assumed 'title' D:\xampp\htdocs\Dcard_catch\Dcard\Runtime\Cache\Trade\29b3bc4abce848c93cd94613784243ad.php 第 16 行.
NOTIC: [8] Use of undefined constant title - assumed 'title' D:\xampp\htdocs\Dcard_catch\Dcard\Runtime\Cache\Trade\29b3bc4abce848c93cd94613784243ad.php 第 16 行.
NOTIC: [8] Use of undefined constant title - assumed 'title' D:\xampp\htdocs\Dcard_catch\Dcard\Runtime\Cache\Trade\29b3bc4abce848c93cd94613784243ad.php 第 16 行.
NOTIC: [8] Use of undefined constant title - assumed 'title' D:\xampp\htdocs\Dcard_catch\Dcard\Runtime\Cache\Trade\29b3bc4abce848c93cd94613784243ad.php 第 16 行.
NOTIC: [8] Use of undefined constant title - assumed 'title' D:\xampp\htdocs\Dcard_catch\Dcard\Runtime\Cache\Trade\29b3bc4abce848c93cd94613784243ad.php 第 16 行.
NOTIC: [8] Use of undefined constant title - assumed 'title' D:\xampp\htdocs\Dcard_catch\Dcard\Runtime\Cache\Trade\29b3bc4abce848c93cd94613784243ad.php 第 16 行.
NOTIC: [8] Use of undefined constant title - assumed 'title' D:\xampp\htdocs\Dcard_catch\Dcard\Runtime\Cache\Trade\29b3bc4abce848c93cd94613784243ad.php 第 16 行.
NOTIC: [8] Use of undefined constant title - assumed 'title' D:\xampp\htdocs\Dcard_catch\Dcard\Runtime\Cache\Trade\29b3bc4abce848c93cd94613784243ad.php 第 16 行.
NOTIC: [8] Use of undefined constant title - assumed 'title' D:\xampp\htdocs\Dcard_catch\Dcard\Runtime\Cache\Trade\29b3bc4abce848c93cd94613784243ad.php 第 16 行.
NOTIC: [8] Use of undefined constant title - assumed 'title' D:\xampp\htdocs\Dcard_catch\Dcard\Runtime\Cache\Trade\29b3bc4abce848c93cd94613784243ad.php 第 16 行.
NOTIC: [8] Use of undefined constant title - assumed 'title' D:\xampp\htdocs\Dcard_catch\Dcard\Runtime\Cache\Trade\29b3bc4abce848c93cd94613784243ad.php 第 16 行.
NOTIC: [8] Use of undefined constant title - assumed 'title' D:\xampp\htdocs\Dcard_catch\Dcard\Runtime\Cache\Trade\29b3bc4abce848c93cd94613784243ad.php 第 16 行.
NOTIC: [8] Use of undefined constant title - assumed 'title' D:\xampp\htdocs\Dcard_catch\Dcard\Runtime\Cache\Trade\29b3bc4abce848c93cd94613784243ad.php 第 16 行.
NOTIC: [8] Use of undefined constant title - assumed 'title' D:\xampp\htdocs\Dcard_catch\Dcard\Runtime\Cache\Trade\29b3bc4abce848c93cd94613784243ad.php 第 16 行.
NOTIC: [8] Use of undefined constant title - assumed 'title' D:\xampp\htdocs\Dcard_catch\Dcard\Runtime\Cache\Trade\29b3bc4abce848c93cd94613784243ad.php 第 16 行.
NOTIC: [8] Use of undefined constant title - assumed 'title' D:\xampp\htdocs\Dcard_catch\Dcard\Runtime\Cache\Trade\29b3bc4abce848c93cd94613784243ad.php 第 16 行.
NOTIC: [8] Use of undefined constant title - assumed 'title' D:\xampp\htdocs\Dcard_catch\Dcard\Runtime\Cache\Trade\29b3bc4abce848c93cd94613784243ad.php 第 16 行.
NOTIC: [8] Use of undefined constant title - assumed 'title' D:\xampp\htdocs\Dcard_catch\Dcard\Runtime\Cache\Trade\29b3bc4abce848c93cd94613784243ad.php 第 16 行.
NOTIC: [8] Use of undefined constant title - assumed 'title' D:\xampp\htdocs\Dcard_catch\Dcard\Runtime\Cache\Trade\29b3bc4abce848c93cd94613784243ad.php 第 16 行.
NOTIC: [8] Use of undefined constant title - assumed 'title' D:\xampp\htdocs\Dcard_catch\Dcard\Runtime\Cache\Trade\29b3bc4abce848c93cd94613784243ad.php 第 16 行.
NOTIC: [8] Use of undefined constant title - assumed 'title' D:\xampp\htdocs\Dcard_catch\Dcard\Runtime\Cache\Trade\29b3bc4abce848c93cd94613784243ad.php 第 16 行.
NOTIC: [8] Use of undefined constant title - assumed 'title' D:\xampp\htdocs\Dcard_catch\Dcard\Runtime\Cache\Trade\29b3bc4abce848c93cd94613784243ad.php 第 16 行.
NOTIC: [8] Use of undefined constant title - assumed 'title' D:\xampp\htdocs\Dcard_catch\Dcard\Runtime\Cache\Trade\29b3bc4abce848c93cd94613784243ad.php 第 16 行.
NOTIC: [8] Use of undefined constant title - assumed 'title' D:\xampp\htdocs\Dcard_catch\Dcard\Runtime\Cache\Trade\29b3bc4abce848c93cd94613784243ad.php 第 16 行.
NOTIC: [8] Use of undefined constant title - assumed 'title' D:\xampp\htdocs\Dcard_catch\Dcard\Runtime\Cache\Trade\29b3bc4abce848c93cd94613784243ad.php 第 16 行.
NOTIC: [8] Use of undefined constant title - assumed 'title' D:\xampp\htdocs\Dcard_catch\Dcard\Runtime\Cache\Trade\29b3bc4abce848c93cd94613784243ad.php 第 16 行.
NOTIC: [8] Use of undefined constant title - assumed 'title' D:\xampp\htdocs\Dcard_catch\Dcard\Runtime\Cache\Trade\29b3bc4abce848c93cd94613784243ad.php 第 16 行.
NOTIC: [8] Use of undefined constant title - assumed 'title' D:\xampp\htdocs\Dcard_catch\Dcard\Runtime\Cache\Trade\29b3bc4abce848c93cd94613784243ad.php 第 16 行.
NOTIC: [8] Use of undefined constant title - assumed 'title' D:\xampp\htdocs\Dcard_catch\Dcard\Runtime\Cache\Trade\29b3bc4abce848c93cd94613784243ad.php 第 16 行.
NOTIC: [8] Use of undefined constant title - assumed 'title' D:\xampp\htdocs\Dcard_catch\Dcard\Runtime\Cache\Trade\29b3bc4abce848c93cd94613784243ad.php 第 16 行.
NOTIC: [8] Use of undefined constant title - assumed 'title' D:\xampp\htdocs\Dcard_catch\Dcard\Runtime\Cache\Trade\29b3bc4abce848c93cd94613784243ad.php 第 16 行.
NOTIC: [8] Use of undefined constant title - assumed 'title' D:\xampp\htdocs\Dcard_catch\Dcard\Runtime\Cache\Trade\29b3bc4abce848c93cd94613784243ad.php 第 16 行.
NOTIC: [8] Undefined index: title D:\xampp\htdocs\Dcard_catch\Dcard\Runtime\Cache\Trade\29b3bc4abce848c93cd94613784243ad.php 第 37 行.
NOTIC: [8] Undefined index: class D:\xampp\htdocs\Dcard_catch\Dcard\Runtime\Cache\Trade\29b3bc4abce848c93cd94613784243ad.php 第 42 行.
NOTIC: [8] Use of undefined constant title - assumed 'title' D:\xampp\htdocs\Dcard_catch\Dcard\Runtime\Cache\Trade\29b3bc4abce848c93cd94613784243ad.php 第 42 行.
NOTIC: [8] Use of undefined constant title - assumed 'title' D:\xampp\htdocs\Dcard_catch\Dcard\Runtime\Cache\Trade\29b3bc4abce848c93cd94613784243ad.php 第 42 行.
NOTIC: [8] Use of undefined constant title - assumed 'title' D:\xampp\htdocs\Dcard_catch\Dcard\Runtime\Cache\Trade\29b3bc4abce848c93cd94613784243ad.php 第 42 行.
NOTIC: [8] Undefined index: class D:\xampp\htdocs\Dcard_catch\Dcard\Runtime\Cache\Trade\29b3bc4abce848c93cd94613784243ad.php 第 42 行.
NOTIC: [8] Use of undefined constant title - assumed 'title' D:\xampp\htdocs\Dcard_catch\Dcard\Runtime\Cache\Trade\29b3bc4abce848c93cd94613784243ad.php 第 42 行.
NOTIC: [8] Use of undefined constant title - assumed 'title' D:\xampp\htdocs\Dcard_catch\Dcard\Runtime\Cache\Trade\29b3bc4abce848c93cd94613784243ad.php 第 42 行.
NOTIC: [8] Use of undefined constant title - assumed 'title' D:\xampp\htdocs\Dcard_catch\Dcard\Runtime\Cache\Trade\29b3bc4abce848c93cd94613784243ad.php 第 42 行.
NOTIC: [8] Undefined index: class D:\xampp\htdocs\Dcard_catch\Dcard\Runtime\Cache\Trade\29b3bc4abce848c93cd94613784243ad.php 第 42 行.
NOTIC: [8] Use of undefined constant title - assumed 'title' D:\xampp\htdocs\Dcard_catch\Dcard\Runtime\Cache\Trade\29b3bc4abce848c93cd94613784243ad.php 第 42 行.
NOTIC: [8] Use of undefined constant title - assumed 'title' D:\xampp\htdocs\Dcard_catch\Dcard\Runtime\Cache\Trade\29b3bc4abce848c93cd94613784243ad.php 第 42 行.
NOTIC: [8] Use of undefined constant title - assumed 'title' D:\xampp\htdocs\Dcard_catch\Dcard\Runtime\Cache\Trade\29b3bc4abce848c93cd94613784243ad.php 第 42 行.
NOTIC: [8] Undefined index: class D:\xampp\htdocs\Dcard_catch\Dcard\Runtime\Cache\Trade\29b3bc4abce848c93cd94613784243ad.php 第 42 行.
NOTIC: [8] Use of undefined constant title - assumed 'title' D:\xampp\htdocs\Dcard_catch\Dcard\Runtime\Cache\Trade\29b3bc4abce848c93cd94613784243ad.php 第 42 行.
NOTIC: [8] Use of undefined constant title - assumed 'title' D:\xampp\htdocs\Dcard_catch\Dcard\Runtime\Cache\Trade\29b3bc4abce848c93cd94613784243ad.php 第 42 行.
NOTIC: [8] Use of undefined constant title - assumed 'title' D:\xampp\htdocs\Dcard_catch\Dcard\Runtime\Cache\Trade\29b3bc4abce848c93cd94613784243ad.php 第 42 行.
NOTIC: [8] Undefined index: class D:\xampp\htdocs\Dcard_catch\Dcard\Runtime\Cache\Trade\29b3bc4abce848c93cd94613784243ad.php 第 42 行.
NOTIC: [8] Use of undefined constant title - assumed 'title' D:\xampp\htdocs\Dcard_catch\Dcard\Runtime\Cache\Trade\29b3bc4abce848c93cd94613784243ad.php 第 42 行.
NOTIC: [8] Use of undefined constant title - assumed 'title' D:\xampp\htdocs\Dcard_catch\Dcard\Runtime\Cache\Trade\29b3bc4abce848c93cd94613784243ad.php 第 42 行.
NOTIC: [8] Use of undefined constant title - assumed 'title' D:\xampp\htdocs\Dcard_catch\Dcard\Runtime\Cache\Trade\29b3bc4abce848c93cd94613784243ad.php 第 42 行.
NOTIC: [8] Undefined index: class D:\xampp\htdocs\Dcard_catch\Dcard\Runtime\Cache\Trade\29b3bc4abce848c93cd94613784243ad.php 第 42 行.
NOTIC: [8] Use of undefined constant title - assumed 'title' D:\xampp\htdocs\Dcard_catch\Dcard\Runtime\Cache\Trade\29b3bc4abce848c93cd94613784243ad.php 第 42 行.
NOTIC: [8] Use of undefined constant title - assumed 'title' D:\xampp\htdocs\Dcard_catch\Dcard\Runtime\Cache\Trade\29b3bc4abce848c93cd94613784243ad.php 第 42 行.
NOTIC: [8] Use of undefined constant title - assumed 'title' D:\xampp\htdocs\Dcard_catch\Dcard\Runtime\Cache\Trade\29b3bc4abce848c93cd94613784243ad.php 第 42 行.
NOTIC: [8] Undefined index: class D:\xampp\htdocs\Dcard_catch\Dcard\Runtime\Cache\Trade\29b3bc4abce848c93cd94613784243ad.php 第 42 行.
NOTIC: [8] Use of undefined constant title - assumed 'title' D:\xampp\htdocs\Dcard_catch\Dcard\Runtime\Cache\Trade\29b3bc4abce848c93cd94613784243ad.php 第 42 行.
NOTIC: [8] Use of undefined constant title - assumed 'title' D:\xampp\htdocs\Dcard_catch\Dcard\Runtime\Cache\Trade\29b3bc4abce848c93cd94613784243ad.php 第 42 行.
NOTIC: [8] Use of undefined constant title - assumed 'title' D:\xampp\htdocs\Dcard_catch\Dcard\Runtime\Cache\Trade\29b3bc4abce848c93cd94613784243ad.php 第 42 行.
NOTIC: [8] Undefined index: class D:\xampp\htdocs\Dcard_catch\Dcard\Runtime\Cache\Trade\29b3bc4abce848c93cd94613784243ad.php 第 42 行.
NOTIC: [8] Use of undefined constant title - assumed 'title' D:\xampp\htdocs\Dcard_catch\Dcard\Runtime\Cache\Trade\29b3bc4abce848c93cd94613784243ad.php 第 42 行.
NOTIC: [8] Use of undefined constant title - assumed 'title' D:\xampp\htdocs\Dcard_catch\Dcard\Runtime\Cache\Trade\29b3bc4abce848c93cd94613784243ad.php 第 42 行.
NOTIC: [8] Use of undefined constant title - assumed 'title' D:\xampp\htdocs\Dcard_catch\Dcard\Runtime\Cache\Trade\29b3bc4abce848c93cd94613784243ad.php 第 42 行.
NOTIC: [8] Undefined index: class D:\xampp\htdocs\Dcard_catch\Dcard\Runtime\Cache\Trade\29b3bc4abce848c93cd94613784243ad.php 第 42 行.
NOTIC: [8] Use of undefined constant title - assumed 'title' D:\xampp\htdocs\Dcard_catch\Dcard\Runtime\Cache\Trade\29b3bc4abce848c93cd94613784243ad.php 第 42 行.
NOTIC: [8] Use of undefined constant title - assumed 'title' D:\xampp\htdocs\Dcard_catch\Dcard\Runtime\Cache\Trade\29b3bc4abce848c93cd94613784243ad.php 第 42 行.
NOTIC: [8] Use of undefined constant title - assumed 'title' D:\xampp\htdocs\Dcard_catch\Dcard\Runtime\Cache\Trade\29b3bc4abce848c93cd94613784243ad.php 第 42 行.
NOTIC: [8] Undefined index: class D:\xampp\htdocs\Dcard_catch\Dcard\Runtime\Cache\Trade\29b3bc4abce848c93cd94613784243ad.php 第 42 行.
NOTIC: [8] Use of undefined constant title - assumed 'title' D:\xampp\htdocs\Dcard_catch\Dcard\Runtime\Cache\Trade\29b3bc4abce848c93cd94613784243ad.php 第 42 行.
NOTIC: [8] Use of undefined constant title - assumed 'title' D:\xampp\htdocs\Dcard_catch\Dcard\Runtime\Cache\Trade\29b3bc4abce848c93cd94613784243ad.php 第 42 行.
NOTIC: [8] Use of undefined constant title - assumed 'title' D:\xampp\htdocs\Dcard_catch\Dcard\Runtime\Cache\Trade\29b3bc4abce848c93cd94613784243ad.php 第 42 行.
NOTIC: [8] Undefined index: class D:\xampp\htdocs\Dcard_catch\Dcard\Runtime\Cache\Trade\29b3bc4abce848c93cd94613784243ad.php 第 42 行.
NOTIC: [8] Use of undefined constant title - assumed 'title' D:\xampp\htdocs\Dcard_catch\Dcard\Runtime\Cache\Trade\29b3bc4abce848c93cd94613784243ad.php 第 42 行.
NOTIC: [8] Use of undefined constant title - assumed 'title' D:\xampp\htdocs\Dcard_catch\Dcard\Runtime\Cache\Trade\29b3bc4abce848c93cd94613784243ad.php 第 42 行.
NOTIC: [8] Use of undefined constant title - assumed 'title' D:\xampp\htdocs\Dcard_catch\Dcard\Runtime\Cache\Trade\29b3bc4abce848c93cd94613784243ad.php 第 42 行.
NOTIC: [8] Undefined index: class D:\xampp\htdocs\Dcard_catch\Dcard\Runtime\Cache\Trade\29b3bc4abce848c93cd94613784243ad.php 第 42 行.
NOTIC: [8] Use of undefined constant title - assumed 'title' D:\xampp\htdocs\Dcard_catch\Dcard\Runtime\Cache\Trade\29b3bc4abce848c93cd94613784243ad.php 第 42 行.
NOTIC: [8] Use of undefined constant title - assumed 'title' D:\xampp\htdocs\Dcard_catch\Dcard\Runtime\Cache\Trade\29b3bc4abce848c93cd94613784243ad.php 第 42 行.
NOTIC: [8] Use of undefined constant title - assumed 'title' D:\xampp\htdocs\Dcard_catch\Dcard\Runtime\Cache\Trade\29b3bc4abce848c93cd94613784243ad.php 第 42 行.
NOTIC: [8] Undefined index: class D:\xampp\htdocs\Dcard_catch\Dcard\Runtime\Cache\Trade\29b3bc4abce848c93cd94613784243ad.php 第 42 行.
NOTIC: [8] Use of undefined constant title - assumed 'title' D:\xampp\htdocs\Dcard_catch\Dcard\Runtime\Cache\Trade\29b3bc4abce848c93cd94613784243ad.php 第 42 行.
NOTIC: [8] Use of undefined constant title - assumed 'title' D:\xampp\htdocs\Dcard_catch\Dcard\Runtime\Cache\Trade\29b3bc4abce848c93cd94613784243ad.php 第 42 行.
NOTIC: [8] Use of undefined constant title - assumed 'title' D:\xampp\htdocs\Dcard_catch\Dcard\Runtime\Cache\Trade\29b3bc4abce848c93cd94613784243ad.php 第 42 行.
NOTIC: [8] Undefined index: class D:\xampp\htdocs\Dcard_catch\Dcard\Runtime\Cache\Trade\29b3bc4abce848c93cd94613784243ad.php 第 42 行.
NOTIC: [8] Use of undefined constant title - assumed 'title' D:\xampp\htdocs\Dcard_catch\Dcard\Runtime\Cache\Trade\29b3bc4abce848c93cd94613784243ad.php 第 42 行.
NOTIC: [8] Use of undefined constant title - assumed 'title' D:\xampp\htdocs\Dcard_catch\Dcard\Runtime\Cache\Trade\29b3bc4abce848c93cd94613784243ad.php 第 42 行.
NOTIC: [8] Use of undefined constant title - assumed 'title' D:\xampp\htdocs\Dcard_catch\Dcard\Runtime\Cache\Trade\29b3bc4abce848c93cd94613784243ad.php 第 42 行.
NOTIC: [8] Undefined index: class D:\xampp\htdocs\Dcard_catch\Dcard\Runtime\Cache\Trade\29b3bc4abce848c93cd94613784243ad.php 第 42 行.
NOTIC: [8] Use of undefined constant title - assumed 'title' D:\xampp\htdocs\Dcard_catch\Dcard\Runtime\Cache\Trade\29b3bc4abce848c93cd94613784243ad.php 第 42 行.
NOTIC: [8] Use of undefined constant title - assumed 'title' D:\xampp\htdocs\Dcard_catch\Dcard\Runtime\Cache\Trade\29b3bc4abce848c93cd94613784243ad.php 第 42 行.
NOTIC: [8] Use of undefined constant title - assumed 'title' D:\xampp\htdocs\Dcard_catch\Dcard\Runtime\Cache\Trade\29b3bc4abce848c93cd94613784243ad.php 第 42 行.
NOTIC: [8] Undefined index: class D:\xampp\htdocs\Dcard_catch\Dcard\Runtime\Cache\Trade\29b3bc4abce848c93cd94613784243ad.php 第 42 行.
NOTIC: [8] Use of undefined constant title - assumed 'title' D:\xampp\htdocs\Dcard_catch\Dcard\Runtime\Cache\Trade\29b3bc4abce848c93cd94613784243ad.php 第 42 行.
NOTIC: [8] Use of undefined constant title - assumed 'title' D:\xampp\htdocs\Dcard_catch\Dcard\Runtime\Cache\Trade\29b3bc4abce848c93cd94613784243ad.php 第 42 行.
NOTIC: [8] Use of undefined constant title - assumed 'title' D:\xampp\htdocs\Dcard_catch\Dcard\Runtime\Cache\Trade\29b3bc4abce848c93cd94613784243ad.php 第 42 行.
NOTIC: [8] Undefined index: class D:\xampp\htdocs\Dcard_catch\Dcard\Runtime\Cache\Trade\29b3bc4abce848c93cd94613784243ad.php 第 42 行.
NOTIC: [8] Use of undefined constant title - assumed 'title' D:\xampp\htdocs\Dcard_catch\Dcard\Runtime\Cache\Trade\29b3bc4abce848c93cd94613784243ad.php 第 42 行.
NOTIC: [8] Use of undefined constant title - assumed 'title' D:\xampp\htdocs\Dcard_catch\Dcard\Runtime\Cache\Trade\29b3bc4abce848c93cd94613784243ad.php 第 42 行.
NOTIC: [8] Use of undefined constant title - assumed 'title' D:\xampp\htdocs\Dcard_catch\Dcard\Runtime\Cache\Trade\29b3bc4abce848c93cd94613784243ad.php 第 42 行.
NOTIC: [8] Undefined index: class D:\xampp\htdocs\Dcard_catch\Dcard\Runtime\Cache\Trade\29b3bc4abce848c93cd94613784243ad.php 第 42 行.
NOTIC: [8] Use of undefined constant title - assumed 'title' D:\xampp\htdocs\Dcard_catch\Dcard\Runtime\Cache\Trade\29b3bc4abce848c93cd94613784243ad.php 第 42 行.
NOTIC: [8] Use of undefined constant title - assumed 'title' D:\xampp\htdocs\Dcard_catch\Dcard\Runtime\Cache\Trade\29b3bc4abce848c93cd94613784243ad.php 第 42 行.
NOTIC: [8] Use of undefined constant title - assumed 'title' D:\xampp\htdocs\Dcard_catch\Dcard\Runtime\Cache\Trade\29b3bc4abce848c93cd94613784243ad.php 第 42 行.
NOTIC: [8] Undefined index: class D:\xampp\htdocs\Dcard_catch\Dcard\Runtime\Cache\Trade\29b3bc4abce848c93cd94613784243ad.php 第 42 行.
NOTIC: [8] Use of undefined constant title - assumed 'title' D:\xampp\htdocs\Dcard_catch\Dcard\Runtime\Cache\Trade\29b3bc4abce848c93cd94613784243ad.php 第 42 行.
NOTIC: [8] Use of undefined constant title - assumed 'title' D:\xampp\htdocs\Dcard_catch\Dcard\Runtime\Cache\Trade\29b3bc4abce848c93cd94613784243ad.php 第 42 行.
NOTIC: [8] Use of undefined constant title - assumed 'title' D:\xampp\htdocs\Dcard_catch\Dcard\Runtime\Cache\Trade\29b3bc4abce848c93cd94613784243ad.php 第 42 行.
NOTIC: [8] Undefined index: class D:\xampp\htdocs\Dcard_catch\Dcard\Runtime\Cache\Trade\29b3bc4abce848c93cd94613784243ad.php 第 42 行.
NOTIC: [8] Use of undefined constant title - assumed 'title' D:\xampp\htdocs\Dcard_catch\Dcard\Runtime\Cache\Trade\29b3bc4abce848c93cd94613784243ad.php 第 42 行.
NOTIC: [8] Use of undefined constant title - assumed 'title' D:\xampp\htdocs\Dcard_catch\Dcard\Runtime\Cache\Trade\29b3bc4abce848c93cd94613784243ad.php 第 42 行.
NOTIC: [8] Use of undefined constant title - assumed 'title' D:\xampp\htdocs\Dcard_catch\Dcard\Runtime\Cache\Trade\29b3bc4abce848c93cd94613784243ad.php 第 42 行.
NOTIC: [8] Undefined index: class D:\xampp\htdocs\Dcard_catch\Dcard\Runtime\Cache\Trade\29b3bc4abce848c93cd94613784243ad.php 第 42 行.
NOTIC: [8] Use of undefined constant title - assumed 'title' D:\xampp\htdocs\Dcard_catch\Dcard\Runtime\Cache\Trade\29b3bc4abce848c93cd94613784243ad.php 第 42 行.
NOTIC: [8] Use of undefined constant title - assumed 'title' D:\xampp\htdocs\Dcard_catch\Dcard\Runtime\Cache\Trade\29b3bc4abce848c93cd94613784243ad.php 第 42 行.
NOTIC: [8] Use of undefined constant title - assumed 'title' D:\xampp\htdocs\Dcard_catch\Dcard\Runtime\Cache\Trade\29b3bc4abce848c93cd94613784243ad.php 第 42 行.
NOTIC: [8] Undefined index: class D:\xampp\htdocs\Dcard_catch\Dcard\Runtime\Cache\Trade\29b3bc4abce848c93cd94613784243ad.php 第 42 行.
NOTIC: [8] Use of undefined constant title - assumed 'title' D:\xampp\htdocs\Dcard_catch\Dcard\Runtime\Cache\Trade\29b3bc4abce848c93cd94613784243ad.php 第 42 行.
NOTIC: [8] Use of undefined constant title - assumed 'title' D:\xampp\htdocs\Dcard_catch\Dcard\Runtime\Cache\Trade\29b3bc4abce848c93cd94613784243ad.php 第 42 行.
NOTIC: [8] Use of undefined constant title - assumed 'title' D:\xampp\htdocs\Dcard_catch\Dcard\Runtime\Cache\Trade\29b3bc4abce848c93cd94613784243ad.php 第 42 行.
NOTIC: [8] Undefined index: class D:\xampp\htdocs\Dcard_catch\Dcard\Runtime\Cache\Trade\29b3bc4abce848c93cd94613784243ad.php 第 42 行.
NOTIC: [8] Use of undefined constant title - assumed 'title' D:\xampp\htdocs\Dcard_catch\Dcard\Runtime\Cache\Trade\29b3bc4abce848c93cd94613784243ad.php 第 42 行.
NOTIC: [8] Use of undefined constant title - assumed 'title' D:\xampp\htdocs\Dcard_catch\Dcard\Runtime\Cache\Trade\29b3bc4abce848c93cd94613784243ad.php 第 42 行.
NOTIC: [8] Use of undefined constant title - assumed 'title' D:\xampp\htdocs\Dcard_catch\Dcard\Runtime\Cache\Trade\29b3bc4abce848c93cd94613784243ad.php 第 42 行.
NOTIC: [8] Undefined index: class D:\xampp\htdocs\Dcard_catch\Dcard\Runtime\Cache\Trade\29b3bc4abce848c93cd94613784243ad.php 第 42 行.
NOTIC: [8] Use of undefined constant title - assumed 'title' D:\xampp\htdocs\Dcard_catch\Dcard\Runtime\Cache\Trade\29b3bc4abce848c93cd94613784243ad.php 第 42 行.
NOTIC: [8] Use of undefined constant title - assumed 'title' D:\xampp\htdocs\Dcard_catch\Dcard\Runtime\Cache\Trade\29b3bc4abce848c93cd94613784243ad.php 第 42 行.
NOTIC: [8] Use of undefined constant title - assumed 'title' D:\xampp\htdocs\Dcard_catch\Dcard\Runtime\Cache\Trade\29b3bc4abce848c93cd94613784243ad.php 第 42 行.
NOTIC: [8] Undefined index: class D:\xampp\htdocs\Dcard_catch\Dcard\Runtime\Cache\Trade\29b3bc4abce848c93cd94613784243ad.php 第 42 行.
NOTIC: [8] Use of undefined constant title - assumed 'title' D:\xampp\htdocs\Dcard_catch\Dcard\Runtime\Cache\Trade\29b3bc4abce848c93cd94613784243ad.php 第 42 行.
NOTIC: [8] Use of undefined constant title - assumed 'title' D:\xampp\htdocs\Dcard_catch\Dcard\Runtime\Cache\Trade\29b3bc4abce848c93cd94613784243ad.php 第 42 行.
NOTIC: [8] Use of undefined constant title - assumed 'title' D:\xampp\htdocs\Dcard_catch\Dcard\Runtime\Cache\Trade\29b3bc4abce848c93cd94613784243ad.php 第 42 行.
NOTIC: [8] Undefined index: class D:\xampp\htdocs\Dcard_catch\Dcard\Runtime\Cache\Trade\29b3bc4abce848c93cd94613784243ad.php 第 42 行.
NOTIC: [8] Use of undefined constant title - assumed 'title' D:\xampp\htdocs\Dcard_catch\Dcard\Runtime\Cache\Trade\29b3bc4abce848c93cd94613784243ad.php 第 42 行.
NOTIC: [8] Use of undefined constant title - assumed 'title' D:\xampp\htdocs\Dcard_catch\Dcard\Runtime\Cache\Trade\29b3bc4abce848c93cd94613784243ad.php 第 42 行.
NOTIC: [8] Use of undefined constant title - assumed 'title' D:\xampp\htdocs\Dcard_catch\Dcard\Runtime\Cache\Trade\29b3bc4abce848c93cd94613784243ad.php 第 42 行.
NOTIC: [8] Undefined index: class D:\xampp\htdocs\Dcard_catch\Dcard\Runtime\Cache\Trade\29b3bc4abce848c93cd94613784243ad.php 第 42 行.
NOTIC: [8] Use of undefined constant title - assumed 'title' D:\xampp\htdocs\Dcard_catch\Dcard\Runtime\Cache\Trade\29b3bc4abce848c93cd94613784243ad.php 第 42 行.
NOTIC: [8] Use of undefined constant title - assumed 'title' D:\xampp\htdocs\Dcard_catch\Dcard\Runtime\Cache\Trade\29b3bc4abce848c93cd94613784243ad.php 第 42 行.
NOTIC: [8] Use of undefined constant title - assumed 'title' D:\xampp\htdocs\Dcard_catch\Dcard\Runtime\Cache\Trade\29b3bc4abce848c93cd94613784243ad.php 第 42 行.
NOTIC: [8] Undefined index: class D:\xampp\htdocs\Dcard_catch\Dcard\Runtime\Cache\Trade\29b3bc4abce848c93cd94613784243ad.php 第 42 行.
NOTIC: [8] Use of undefined constant title - assumed 'title' D:\xampp\htdocs\Dcard_catch\Dcard\Runtime\Cache\Trade\29b3bc4abce848c93cd94613784243ad.php 第 42 行.
NOTIC: [8] Use of undefined constant title - assumed 'title' D:\xampp\htdocs\Dcard_catch\Dcard\Runtime\Cache\Trade\29b3bc4abce848c93cd94613784243ad.php 第 42 行.
NOTIC: [8] Use of undefined constant title - assumed 'title' D:\xampp\htdocs\Dcard_catch\Dcard\Runtime\Cache\Trade\29b3bc4abce848c93cd94613784243ad.php 第 42 行.
NOTIC: [8] Undefined index: class D:\xampp\htdocs\Dcard_catch\Dcard\Runtime\Cache\Trade\29b3bc4abce848c93cd94613784243ad.php 第 42 行.
NOTIC: [8] Use of undefined constant title - assumed 'title' D:\xampp\htdocs\Dcard_catch\Dcard\Runtime\Cache\Trade\29b3bc4abce848c93cd94613784243ad.php 第 42 行.
NOTIC: [8] Use of undefined constant title - assumed 'title' D:\xampp\htdocs\Dcard_catch\Dcard\Runtime\Cache\Trade\29b3bc4abce848c93cd94613784243ad.php 第 42 行.
NOTIC: [8] Use of undefined constant title - assumed 'title' D:\xampp\htdocs\Dcard_catch\Dcard\Runtime\Cache\Trade\29b3bc4abce848c93cd94613784243ad.php 第 42 行.
NOTIC: [8] Undefined index: class D:\xampp\htdocs\Dcard_catch\Dcard\Runtime\Cache\Trade\29b3bc4abce848c93cd94613784243ad.php 第 42 行.
NOTIC: [8] Use of undefined constant title - assumed 'title' D:\xampp\htdocs\Dcard_catch\Dcard\Runtime\Cache\Trade\29b3bc4abce848c93cd94613784243ad.php 第 42 行.
NOTIC: [8] Use of undefined constant title - assumed 'title' D:\xampp\htdocs\Dcard_catch\Dcard\Runtime\Cache\Trade\29b3bc4abce848c93cd94613784243ad.php 第 42 行.
NOTIC: [8] Use of undefined constant title - assumed 'title' D:\xampp\htdocs\Dcard_catch\Dcard\Runtime\Cache\Trade\29b3bc4abce848c93cd94613784243ad.php 第 42 行.
NOTIC: [8] Undefined index: class D:\xampp\htdocs\Dcard_catch\Dcard\Runtime\Cache\Trade\29b3bc4abce848c93cd94613784243ad.php 第 42 行.
NOTIC: [8] Use of undefined constant title - assumed 'title' D:\xampp\htdocs\Dcard_catch\Dcard\Runtime\Cache\Trade\29b3bc4abce848c93cd94613784243ad.php 第 42 行.
NOTIC: [8] Use of undefined constant title - assumed 'title' D:\xampp\htdocs\Dcard_catch\Dcard\Runtime\Cache\Trade\29b3bc4abce848c93cd94613784243ad.php 第 42 行.
NOTIC: [8] Use of undefined constant title - assumed 'title' D:\xampp\htdocs\Dcard_catch\Dcard\Runtime\Cache\Trade\29b3bc4abce848c93cd94613784243ad.php 第 42 行.
NOTIC: [8] Undefined index: class D:\xampp\htdocs\Dcard_catch\Dcard\Runtime\Cache\Trade\29b3bc4abce848c93cd94613784243ad.php 第 42 行.
NOTIC: [8] Use of undefined constant title - assumed 'title' D:\xampp\htdocs\Dcard_catch\Dcard\Runtime\Cache\Trade\29b3bc4abce848c93cd94613784243ad.php 第 42 行.
NOTIC: [8] Use of undefined constant title - assumed 'title' D:\xampp\htdocs\Dcard_catch\Dcard\Runtime\Cache\Trade\29b3bc4abce848c93cd94613784243ad.php 第 42 行.
NOTIC: [8] Use of undefined constant title - assumed 'title' D:\xampp\htdocs\Dcard_catch\Dcard\Runtime\Cache\Trade\29b3bc4abce848c93cd94613784243ad.php 第 42 行.
NOTIC: [8] Undefined index: class D:\xampp\htdocs\Dcard_catch\Dcard\Runtime\Cache\Trade\29b3bc4abce848c93cd94613784243ad.php 第 42 行.
NOTIC: [8] Use of undefined constant title - assumed 'title' D:\xampp\htdocs\Dcard_catch\Dcard\Runtime\Cache\Trade\29b3bc4abce848c93cd94613784243ad.php 第 42 行.
NOTIC: [8] Use of undefined constant title - assumed 'title' D:\xampp\htdocs\Dcard_catch\Dcard\Runtime\Cache\Trade\29b3bc4abce848c93cd94613784243ad.php 第 42 行.
NOTIC: [8] Use of undefined constant title - assumed 'title' D:\xampp\htdocs\Dcard_catch\Dcard\Runtime\Cache\Trade\29b3bc4abce848c93cd94613784243ad.php 第 42 行.
NOTIC: [8] Undefined index: class D:\xampp\htdocs\Dcard_catch\Dcard\Runtime\Cache\Trade\29b3bc4abce848c93cd94613784243ad.php 第 42 行.
NOTIC: [8] Use of undefined constant title - assumed 'title' D:\xampp\htdocs\Dcard_catch\Dcard\Runtime\Cache\Trade\29b3bc4abce848c93cd94613784243ad.php 第 42 行.
NOTIC: [8] Use of undefined constant title - assumed 'title' D:\xampp\htdocs\Dcard_catch\Dcard\Runtime\Cache\Trade\29b3bc4abce848c93cd94613784243ad.php 第 42 行.
NOTIC: [8] Use of undefined constant title - assumed 'title' D:\xampp\htdocs\Dcard_catch\Dcard\Runtime\Cache\Trade\29b3bc4abce848c93cd94613784243ad.php 第 42 行.
NOTIC: [8] Undefined index: class D:\xampp\htdocs\Dcard_catch\Dcard\Runtime\Cache\Trade\29b3bc4abce848c93cd94613784243ad.php 第 42 行.
NOTIC: [8] Use of undefined constant title - assumed 'title' D:\xampp\htdocs\Dcard_catch\Dcard\Runtime\Cache\Trade\29b3bc4abce848c93cd94613784243ad.php 第 42 行.
NOTIC: [8] Use of undefined constant title - assumed 'title' D:\xampp\htdocs\Dcard_catch\Dcard\Runtime\Cache\Trade\29b3bc4abce848c93cd94613784243ad.php 第 42 行.
NOTIC: [8] Use of undefined constant title - assumed 'title' D:\xampp\htdocs\Dcard_catch\Dcard\Runtime\Cache\Trade\29b3bc4abce848c93cd94613784243ad.php 第 42 行.
NOTIC: [8] Undefined index: class D:\xampp\htdocs\Dcard_catch\Dcard\Runtime\Cache\Trade\29b3bc4abce848c93cd94613784243ad.php 第 42 行.
NOTIC: [8] Use of undefined constant title - assumed 'title' D:\xampp\htdocs\Dcard_catch\Dcard\Runtime\Cache\Trade\29b3bc4abce848c93cd94613784243ad.php 第 42 行.
NOTIC: [8] Use of undefined constant title - assumed 'title' D:\xampp\htdocs\Dcard_catch\Dcard\Runtime\Cache\Trade\29b3bc4abce848c93cd94613784243ad.php 第 42 行.
NOTIC: [8] Use of undefined constant title - assumed 'title' D:\xampp\htdocs\Dcard_catch\Dcard\Runtime\Cache\Trade\29b3bc4abce848c93cd94613784243ad.php 第 42 行.
NOTIC: [8] Undefined index: class D:\xampp\htdocs\Dcard_catch\Dcard\Runtime\Cache\Trade\29b3bc4abce848c93cd94613784243ad.php 第 42 行.
NOTIC: [8] Use of undefined constant title - assumed 'title' D:\xampp\htdocs\Dcard_catch\Dcard\Runtime\Cache\Trade\29b3bc4abce848c93cd94613784243ad.php 第 42 行.
NOTIC: [8] Use of undefined constant title - assumed 'title' D:\xampp\htdocs\Dcard_catch\Dcard\Runtime\Cache\Trade\29b3bc4abce848c93cd94613784243ad.php 第 42 行.
NOTIC: [8] Use of undefined constant title - assumed 'title' D:\xampp\htdocs\Dcard_catch\Dcard\Runtime\Cache\Trade\29b3bc4abce848c93cd94613784243ad.php 第 42 行.
NOTIC: [8] Undefined index: hidd D:\xampp\htdocs\Dcard_catch\Dcard\Runtime\Cache\Trade\29b3bc4abce848c93cd94613784243ad.php 第 54 行.
NOTIC: [8] Use of undefined constant hidd - assumed 'hidd' D:\xampp\htdocs\Dcard_catch\Dcard\Runtime\Cache\Trade\29b3bc4abce848c93cd94613784243ad.php 第 67 行.
NOTIC: [8] Use of undefined constant title - assumed 'title' D:\xampp\htdocs\Dcard_catch\Dcard\Runtime\Cache\Trade\29b3bc4abce848c93cd94613784243ad.php 第 68 行.
NOTIC: [8] Use of undefined constant content - assumed 'content' D:\xampp\htdocs\Dcard_catch\Dcard\Runtime\Cache\Trade\29b3bc4abce848c93cd94613784243ad.php 第 70 行.
NOTIC: [8] Use of undefined constant url - assumed 'url' D:\xampp\htdocs\Dcard_catch\Dcard\Runtime\Cache\Trade\29b3bc4abce848c93cd94613784243ad.php 第 72 行.
NOTIC: [8] Use of undefined constant url - assumed 'url' D:\xampp\htdocs\Dcard_catch\Dcard\Runtime\Cache\Trade\29b3bc4abce848c93cd94613784243ad.php 第 81 行.
INFO: Run Behavior\ParseTemplateBehavior [ RunTime:0.021219s ]
INFO: [ view_parse ] --END-- [ RunTime:0.021252s ]
INFO: [ view_filter ] --START--
INFO: Run Behavior\WriteHtmlCacheBehavior [ RunTime:0.000394s ]
INFO: [ view_filter ] --END-- [ RunTime:0.000417s ]
INFO: [ app_end ] --START--
INFO: Run Behavior\ShowPageTraceBehavior [ RunTime:0.000484s ]
INFO: [ app_end ] --END-- [ RunTime:0.000511s ]

